<?xml version="1.0" encoding="utf-8"?><testsuites name="pytest tests"><testsuite name="pytest" errors="0" failures="0" skipped="0" tests="18" time="1.416" timestamp="2026-07-25T21:38:25.849276+00:00" hostname="agent-env-71ff1f30-1a2a-4517-97a2-6a3839e9eacd"><testcase classname="tests.test_iteration11_features.TestDropdownAnimation" name="test_helper_menu_toggle_has_aria_expanded_and_state" time="0.000" /><testcase classname="tests.test_iteration11_features.TestTicketModelFollowUp" name="test_ticket_update_literal_exactly_two_values" time="0.075" /><testcase classname="tests.test_iteration11_features.TestDropdownAnimation" name="test_helper_menu_links_toggles_is_open_class" time="0.000" /><testcase classname="tests.test_iteration11_features.TestDropdownAnimation" name="test_css_animation_properties" time="0.000" /><testcase classname="tests.test_iteration11_features.TestDropdownAnimation" name="test_css_is_open_block" time="0.000" /><testcase classname="tests.test_iteration11_features.TestFollowUpSelect" name="test_select_has_exact_two_options" time="0.000" /><testcase classname="tests.test_iteration11_features.TestFollowUpSelect" name="test_select_has_testid" time="0.000" /><testcase classname="tests.test_iteration11_features.TestFollowUpSelect" name="test_save_sends_follow_up_status" time="0.000" /><testcase classname="tests.test_iteration11_features.TestAppShellProfileRelocation" name="test_no_mon_profil_in_helper_menu_links" time="0.000" /><testcase classname="tests.test_iteration11_features.TestAppShellProfileRelocation" name="test_helper_profile_link_exists_and_wraps_avatar_identity" time="0.000" /><testcase classname="tests.test_iteration11_features.TestAppShellProfileRelocation" name="test_helper_menu_links_only_four_navlinks" time="0.000" /><testcase classname="tests.test_iteration11_features.TestPatchGuard" name="test_patch_unauthenticated_returns_401" time="0.154" /><testcase classname="tests.test_iteration11_features.TestTicketModelFollowUp" name="test_ticket_update_rejects_legacy_values" time="0.000" /><testcase classname="tests.test_iteration11_features.TestTicketModelFollowUp" name="test_ticket_summary_default_follow_up" time="0.000" /><testcase classname="tests.test_iteration11_features.TestTicketModelFollowUp" name="test_no_legacy_status_in_model_source" time="0.000" /><testcase classname="tests.test_iteration11_features.TestMobileMenu" name="test_mobile_media_query_makes_menu_visible_flex" time="0.000" /><testcase classname="tests.test_iteration11_features.TestPatchGuard" name="test_patch_rejects_legacy_via_pydantic_when_authed_shape" time="0.093" /><testcase classname="tests.test_iteration11_features.TestMongoMigration" name="test_no_legacy_follow_up_status_remaining" time="0.007" /></testsuite></testsuites>