<?xml version="1.0" encoding="utf-8"?><testsuites name="pytest tests"><testsuite name="pytest" errors="0" failures="0" skipped="0" tests="137" time="7.219" timestamp="2026-07-25T21:02:57.067268+00:00" hostname="agent-env-71ff1f30-1a2a-4517-97a2-6a3839e9eacd"><testcase classname="tests.test_iris_api.TestStaticInvariants" name="test_discord_service_member_lookup_scoped_to_guild" time="0.000" /><testcase classname="tests.test_resources.TestResourceRouterContract" name="test_max_size_250_mb" time="0.000" /><testcase classname="tests.test_resources.TestResourceRouterContract" name="test_allowed_extensions_exact" time="0.000" /><testcase classname="tests.test_resources.TestResourceRouterContract" name="test_no_html_or_exe_extension" time="0.000" /><testcase classname="tests.test_resources.TestResourceRouterContract" name="test_list_excludes_storage_path" time="0.000" /><testcase classname="tests.test_resources.TestResourceRouterContract" name="test_upload_uses_admin_dependency" time="0.000" /><testcase classname="tests.test_resources.TestResourceRouterContract" name="test_upload_streams_to_tempfile" time="0.000" /><testcase classname="tests.test_resources.TestResourceRouterContract" name="test_delete_is_soft_delete" time="0.000" /><testcase classname="tests.test_resources.TestResourceRouterContract" name="test_storage_path_uses_uuid_prefix" time="0.000" /><testcase classname="tests.test_resources.TestResourceRouterContract" name="test_storage_key_singleton" time="0.000" /><testcase classname="tests.test_resources.TestResourceRouterContract" name="test_emergent_key_is_backend_only" time="0.002" /><testcase classname="tests.test_iris_api.TestStaticInvariants" name="test_discord_service_member_has_role_uses_guild_scope" time="0.000" /><testcase classname="tests.test_iris_api.TestStaticInvariants" name="test_discord_service_validates_channel_guild_and_type" time="0.000" /><testcase classname="tests.test_iris_api.TestStaticInvariants" name="test_discord_history_uses_limit_100_and_before_pagination" time="0.000" /><testcase classname="tests.test_iris_api.TestStaticInvariants" name="test_discord_service_uses_bot_auth_header" time="0.000" /><testcase classname="tests.test_iris_api.TestStaticInvariants" name="test_auth_service_enforces_guild_and_helper_role" time="0.000" /><testcase classname="tests.test_iris_api.TestStaticInvariants" name="test_tickets_router_excludes_mongo_object_id" time="0.000" /><testcase classname="tests.test_iris_api.TestStaticInvariants" name="test_create_ticket_uses_current_helper_dependency" time="0.000" /><testcase classname="tests.test_iris_api.TestStaticInvariants" name="test_env_pins_guild_and_role" time="0.000" /><testcase classname="tests.test_resources.TestResourceRouterContract" name="test_model_does_not_expose_storage_path" time="0.000" /><testcase classname="tests.test_resources.TestFrontendResources" name="test_login_iris_logo_present" time="0.000" /><testcase classname="tests.test_iris_api.TestStaticInvariants" name="test_env_has_oauth_and_bot_configured" time="0.000" /><testcase classname="tests.test_resources.TestFrontendResources" name="test_sidebar_iris_logo_present" time="0.000" /><testcase classname="tests.test_resources.TestFrontendResources" name="test_sidebar_resources_link_and_labels" time="0.000" /><testcase classname="tests.test_iris_api.TestAuthGuards" name="test_members_requires_auth" time="0.142" /><testcase classname="tests.test_resources.TestFrontendResources" name="test_route_registered" time="0.000" /><testcase classname="tests.test_resources.TestFrontendResources" name="test_resource_upload_admin_only" time="0.000" /><testcase classname="tests.test_resources.TestFrontendResources" name="test_resource_delete_admin_only" time="0.000" /><testcase classname="tests.test_resources.TestFrontendResources" name="test_resource_download_visible_to_all" time="0.000" /><testcase classname="tests.test_resources.TestFrontendResources" name="test_client_side_size_cap" time="0.000" /><testcase classname="tests.test_resources.TestFrontendResources" name="test_accept_attribute_matches_backend_extensions" time="0.000" /><testcase classname="tests.test_resources.TestFrontendResources" name="test_nav_link_has_visible_contrast" time="0.000" /><testcase classname="tests.test_profile_notes_triggers.TestGuardRailsLive" name="test_endpoint_requires_session[GET-/api/admin/overview]" time="0.133" /><testcase classname="tests.test_profile_notes_triggers.TestGuardRailsLive" name="test_endpoint_requires_session[GET-/api/admin/helpers]" time="0.091" /><testcase classname="tests.test_iris_api.TestAuthGuards" name="test_list_tickets_requires_auth" time="0.140" /><testcase classname="tests.test_profile_notes_triggers.TestGuardRailsLive" name="test_endpoint_requires_session[PATCH-/api/admin/tickets/xxx/assignment]" time="0.113" /><testcase classname="tests.test_iris_api.TestAuthGuards" name="test_tickets_stats_requires_auth" time="0.107" /><testcase classname="tests.test_profile_notes_triggers.TestGuardRailsLive" name="test_endpoint_requires_session[GET-/api/profile/me]" time="0.095" /><testcase classname="tests.test_iris_api.TestAuthGuards" name="test_create_ticket_requires_auth" time="0.110" /><testcase classname="tests.test_profile_notes_triggers.TestGuardRailsLive" name="test_endpoint_requires_session[PUT-/api/profile/me]" time="0.100" /><testcase classname="tests.test_iris_api.TestAuthGuards" name="test_get_ticket_requires_auth" time="0.098" /><testcase classname="tests.test_profile_notes_triggers.TestGuardRailsLive" name="test_endpoint_requires_session[POST-/api/tickets/xxx/notes]" time="0.138" /><testcase classname="tests.test_iris_api.TestAuthGuards" name="test_patch_ticket_requires_auth" time="0.137" /><testcase classname="tests.test_profile_notes_triggers.TestGuardRailsLive" name="test_endpoint_requires_session[DELETE-/api/tickets/xxx/notes/yyy]" time="0.099" /><testcase classname="tests.test_iris_api.TestAuthGuards" name="test_sync_ticket_requires_auth" time="0.093" /><testcase classname="tests.test_profile_notes_triggers.TestGuardRailsLive" name="test_endpoint_requires_session[POST-/api/tickets/xxx/ai-summary/stream]" time="0.110" /><testcase classname="tests.test_iris_api.TestAuthGuards" name="test_forged_cookie_still_rejected" time="0.135" /><testcase classname="tests.test_admin_and_ai_summary.TestFrontendStaticInvariants" name="test_helper_assignment_panel_present" time="0.000" /><testcase classname="tests.test_admin_and_ai_summary.TestFrontendStaticInvariants" name="test_helper_assignment_select_admin_only" time="0.000" /><testcase classname="tests.test_admin_and_ai_summary.TestFrontendStaticInvariants" name="test_assign_helper_calls_admin_endpoint" time="0.000" /><testcase classname="tests.test_admin_and_ai_summary.TestFrontendStaticInvariants" name="test_generate_ai_summary_button_and_panel" time="0.000" /><testcase classname="tests.test_admin_and_ai_summary.TestFrontendStaticInvariants" name="test_admin_dashboard_page_exists_and_uses_overview" time="0.000" /><testcase classname="tests.test_admin_and_ai_summary.TestFrontendStaticInvariants" name="test_admin_panel_link_conditional_on_isadmin" time="0.000" /><testcase classname="tests.test_admin_and_ai_summary.TestFrontendStaticInvariants" name="test_app_routes_admin_and_passes_is_admin_to_workspace" time="0.000" /><testcase classname="tests.test_admin_and_ai_summary.TestGeminiServiceContract" name="test_uses_gemini_3_5_flash_via_emergent" time="0.000" /><testcase classname="tests.test_admin_and_ai_summary.TestGeminiServiceContract" name="test_uses_emergent_llm_key_server_side_only" time="0.000" /><testcase classname="tests.test_admin_and_ai_summary.TestGeminiServiceContract" name="test_french_prompt_forbids_diagnostic_and_medical_reco" time="0.000" /><testcase classname="tests.test_admin_and_ai_summary.TestGeminiServiceContract" name="test_structured_output_keys" time="0.000" /><testcase classname="tests.test_admin_and_ai_summary.TestGeminiServiceContract" name="test_ai_summary_model_has_expected_fields" time="0.000" /><testcase classname="tests.test_admin_and_ai_summary.TestGeminiServiceContract" name="test_persistence_excludes_mongo_object_id" time="0.000" /><testcase classname="tests.test_admin_and_ai_summary.TestAdminAndAiSummaryRequireAuth" name="test_admin_overview_401_without_session" time="0.158" /><testcase classname="tests.test_demo_removed.TestStaticNoDemoRoutes" name="test_auth_router_has_no_demo_session" time="0.000" /><testcase classname="tests.test_demo_removed.TestStaticNoDemoRoutes" name="test_tickets_router_has_no_demo_endpoint" time="0.000" /><testcase classname="tests.test_demo_removed.TestStaticNoDemoRoutes" name="test_auth_service_rejects_non_discord_mode" time="0.000" /><testcase classname="tests.test_demo_removed.TestStaticNoDemoRoutes" name="test_login_page_has_no_demo_button" time="0.000" /><testcase classname="tests.test_demo_removed.TestStaticNoDemoRoutes" name="test_app_shell_has_no_notifications_or_settings_buttons" time="0.000" /><testcase classname="tests.test_demo_removed.TestStaticNoDemoRoutes" name="test_dashboard_has_real_import_button" time="0.000" /><testcase classname="tests.test_demo_removed.TestStaticNoDemoRoutes" name="test_new_ticket_form_posts_member_and_channel" time="0.000" /><testcase classname="tests.test_iris_api.TestAuth" name="test_session_unauthenticated_without_cookie" time="0.138" /><testcase classname="tests.test_admin_and_ai_summary.TestAdminAndAiSummaryRequireAuth" name="test_admin_helpers_401_without_session" time="0.095" /><testcase classname="tests.test_iris_api.TestAuth" name="test_discord_login_returns_302_to_discord_authorize" time="0.102" /><testcase classname="tests.test_admin_and_ai_summary.TestAdminAndAiSummaryRequireAuth" name="test_admin_assign_ticket_401_without_session" time="0.104" /><testcase classname="tests.test_iris_api.TestAuth" name="test_discord_login_response_does_not_leak_secrets" time="0.096" /><testcase classname="tests.test_admin_and_ai_summary.TestAdminAndAiSummaryRequireAuth" name="test_ai_summary_stream_401_without_session" time="0.094" /><testcase classname="tests.test_iris_api.TestAuth" name="test_discord_callback_rejects_state_mismatch" time="0.095" /><testcase classname="tests.test_admin_and_ai_summary.TestAdminAndAiSummaryRequireAuth" name="test_admin_endpoints_reject_forged_random_cookie" time="0.391" /><testcase classname="tests.test_iris_api.TestAuth" name="test_logout_returns_unauthenticated_body" time="0.096" /><testcase classname="tests.test_profile_notes_triggers.TestFrontendStatic" name="test_helper_profile_page_has_triggers_input_and_save_button" time="0.000" /><testcase classname="tests.test_profile_notes_triggers.TestFrontendStatic" name="test_app_shell_has_profile_link_and_two_theme_toggles" time="0.000" /><testcase classname="tests.test_profile_notes_triggers.TestFrontendStatic" name="test_ticket_workspace_has_multi_note_form_and_cards" time="0.000" /><testcase classname="tests.test_profile_notes_triggers.TestFrontendStatic" name="test_admin_dashboard_shows_helper_triggers" time="0.000" /><testcase classname="tests.test_profile_notes_triggers.TestFrontendStatic" name="test_app_persists_theme_in_localStorage_and_data_theme" time="0.000" /><testcase classname="tests.test_resources.TestResourceAuthGuards" name="test_list_requires_session" time="0.109" /><testcase classname="tests.test_resources.TestResourceAuthGuards" name="test_upload_requires_admin" time="0.103" /><testcase classname="tests.test_resources.TestResourceAuthGuards" name="test_download_requires_session" time="0.101" /><testcase classname="tests.test_profile_notes_triggers.TestNotesRbac" name="test_create_note_requires_session" time="0.098" /><testcase classname="tests.test_resources.TestResourceAuthGuards" name="test_delete_requires_admin" time="0.115" /><testcase classname="tests.test_profile_notes_triggers.TestNotesRbac" name="test_delete_note_requires_session" time="0.095" /><testcase classname="tests.test_profile_notes_triggers.TestNotesRbac" name="test_delete_note_enforces_author_or_admin" time="1.563" /><testcase classname="tests.test_resources.TestResourceAuthGuards" name="test_bogus_signed_cookie_still_401" time="0.102" /><testcase classname="tests.test_admin_and_ai_summary.TestAdminRbacServerSide" name="test_signed_discord_session_for_unknown_user_cannot_reach_admin" time="1.986" /><testcase classname="tests.test_profile_notes_triggers.TestNotesRbac" name="test_create_note_stores_all_required_fields" time="0.000" /><testcase classname="tests.test_profile_notes_triggers.TestNotesRbac" name="test_note_create_validates_title_and_content" time="0.000" /><testcase classname="tests.test_demo_removed.TestDemoEndpointsRemoved" name="test_post_demo_session_returns_404" time="0.103" /><testcase classname="tests.test_demo_removed.TestDemoEndpointsRemoved" name="test_get_demo_session_returns_404_or_405" time="0.096" /><testcase classname="tests.test_demo_removed.TestDemoEndpointsRemoved" name="test_post_tickets_demo_returns_404_or_405" time="0.099" /><testcase classname="tests.test_demo_removed.TestDemoEndpointsRemoved" name="test_get_tickets_demo_returns_404_or_401_or_405" time="0.123" /><testcase classname="tests.test_demo_removed.TestTicketsRequireAuth" name="test_list_tickets_401" time="0.100" /><testcase classname="tests.test_demo_removed.TestTicketsRequireAuth" name="test_stats_401" time="0.093" /><testcase classname="tests.test_admin_and_ai_summary.TestAdminRbacServerSide" name="test_current_admin_wraps_current_helper" time="0.000" /><testcase classname="tests.test_admin_and_ai_summary.TestAdminRbacServerSide" name="test_all_admin_routes_depend_on_current_admin" time="0.000" /><testcase classname="tests.test_admin_and_ai_summary.TestAdminRbacServerSide" name="test_admin_role_id_pins_the_expected_value" time="0.000" /><testcase classname="tests.test_profile_notes_triggers.TestProfileRbac" name="test_get_profile_me_requires_session" time="0.099" /><testcase classname="tests.test_demo_removed.TestTicketsRequireAuth" name="test_create_ticket_401" time="0.096" /><testcase classname="tests.test_profile_notes_triggers.TestProfileRbac" name="test_put_profile_me_requires_session" time="0.110" /><testcase classname="tests.test_demo_removed.TestTicketsRequireAuth" name="test_forged_random_session_cookie_rejected" time="0.128" /><testcase classname="tests.test_profile_notes_triggers.TestProfileRbac" name="test_profiles_router_has_no_cross_helper_read_route" time="1.805" /><testcase classname="tests.test_admin_and_ai_summary.TestHelpersListingContract" name="test_fetch_helpers_uses_guild_paginated_endpoint" time="0.000" /><testcase classname="tests.test_admin_and_ai_summary.TestHelpersListingContract" name="test_admin_helpers_route_passes_helper_role_id" time="0.000" /><testcase classname="tests.test_admin_and_ai_summary.TestHelpersListingContract" name="test_admin_helpers_response_model_is_helper_identity_list" time="0.000" /><testcase classname="tests.test_admin_and_ai_summary.TestAiSummarySSEContract" name="test_ai_summary_uses_streaming_response_with_sse_headers" time="0.000" /><testcase classname="tests.test_admin_and_ai_summary.TestAiSummarySSEContract" name="test_ai_summary_endpoint_requires_helper_session" time="0.011" /><testcase classname="tests.test_admin_and_ai_summary.TestAiSummarySSEContract" name="test_stream_generator_yields_progress_and_complete" time="0.000" /><testcase classname="tests.test_admin_and_ai_summary.TestDemoModeStillGone" name="test_no_demo_login_button" time="0.000" /><testcase classname="tests.test_admin_and_ai_summary.TestDemoModeStillGone" name="test_no_demo_backend_endpoints" time="0.210" /><testcase classname="tests.test_admin_and_ai_summary.TestDemoModeStillGone" name="test_auth_service_still_rejects_non_discord_mode" time="0.000" /><testcase classname="tests.test_iris_api.TestFrontendStaticInvariants" name="test_new_ticket_form_posts_member_and_channel_ids" time="0.001" /><testcase classname="tests.test_iris_api.TestFrontendStaticInvariants" name="test_dashboard_renders_import_button_when_not_demo" time="0.000" /><testcase classname="tests.test_iris_api.TestFrontendStaticInvariants" name="test_new_ticket_page_switches_wording_when_not_demo" time="0.000" /><testcase classname="tests.test_profile_notes_triggers.TestContrastFix" name="test_column_header_has_explicit_dark_text_in_light_mode" time="0.001" /><testcase classname="tests.test_profile_notes_triggers.TestContrastFix" name="test_category_badge_has_white_on_dark_background" time="0.001" /><testcase classname="tests.test_profile_notes_triggers.TestContrastFix" name="test_dark_mode_overrides_column_header_text" time="0.001" /><testcase classname="tests.test_admin_and_ai_summary.TestSessionExposesIsAdmin" name="test_session_body_has_is_admin_false_when_unauthenticated" time="0.124" /><testcase classname="tests.test_admin_and_ai_summary.TestSessionExposesIsAdmin" name="test_auth_session_model_has_is_admin" time="0.000" /><testcase classname="tests.test_demo_removed.TestDemoSessionModeRejected" name="test_signed_demo_mode_session_is_rejected_by_tickets" time="0.202" /><testcase classname="tests.test_demo_removed.TestDemoSessionModeRejected" name="test_signed_discord_mode_session_is_accepted_by_session_endpoint" time="0.353" /><testcase classname="tests.test_profile_notes_triggers.TestTriggersExposure" name="test_only_admin_overview_surfaces_triggers_of_others" time="0.001" /><testcase classname="tests.test_profile_notes_triggers.TestTriggersExposure" name="test_admin_helper_overview_model_has_triggers" time="0.000" /><testcase classname="tests.test_profile_notes_triggers.TestAdminRoleFromEnv" name="test_admin_role_id_is_read_from_env" time="0.000" /><testcase classname="tests.test_profile_notes_triggers.TestAdminRoleFromEnv" name="test_admin_endpoints_all_depend_on_current_admin" time="0.000" /><testcase classname="tests.test_demo_removed.TestDiscordLoginLive" name="test_discord_login_returns_302_to_discord" time="0.145" /><testcase classname="tests.test_demo_removed.TestSessionEndpoint" name="test_session_without_cookie_is_unauthenticated" time="0.100" /><testcase classname="tests.test_iris_api.TestHealth" name="test_root_ok" time="0.114" /><testcase classname="tests.test_profile_notes_triggers.TestProfileRbac" name="test_profile_put_only_writes_own_helper_id" time="0.001" /><testcase classname="tests.test_admin_and_ai_summary.TestAssignmentEndpointContract" name="test_assignment_endpoint_admin_only_and_rejects_unknown_helper" time="0.000" /><testcase classname="tests.test_admin_and_ai_summary.TestAssignmentEndpointContract" name="test_assignment_input_model_pattern_locks_snowflake" time="0.000" /><testcase classname="tests.test_admin_and_ai_summary.TestAssignmentEndpointContract" name="test_ticket_router_never_exposes_admin_assignment" time="0.000" /></testsuite></testsuites>