<?xml version="1.0" encoding="utf-8"?><testsuites name="pytest tests"><testsuite name="pytest" errors="0" failures="0" skipped="0" tests="26" time="1.182" timestamp="2026-07-25T21:02:21.066907+00:00" hostname="agent-env-71ff1f30-1a2a-4517-97a2-6a3839e9eacd"><testcase classname="tests.test_resources.TestFrontendResources" name="test_login_iris_logo_present" time="0.000" /><testcase classname="tests.test_resources.TestFrontendResources" name="test_sidebar_iris_logo_present" time="0.000" /><testcase classname="tests.test_resources.TestFrontendResources" name="test_sidebar_resources_link_and_labels" time="0.000" /><testcase classname="tests.test_resources.TestFrontendResources" name="test_route_registered" time="0.000" /><testcase classname="tests.test_resources.TestFrontendResources" name="test_resource_upload_admin_only" time="0.000" /><testcase classname="tests.test_resources.TestFrontendResources" name="test_resource_delete_admin_only" time="0.000" /><testcase classname="tests.test_resources.TestFrontendResources" name="test_resource_download_visible_to_all" time="0.000" /><testcase classname="tests.test_resources.TestFrontendResources" name="test_client_side_size_cap" time="0.000" /><testcase classname="tests.test_resources.TestFrontendResources" name="test_accept_attribute_matches_backend_extensions" time="0.000" /><testcase classname="tests.test_resources.TestResourceRouterContract" name="test_max_size_250_mb" time="0.000" /><testcase classname="tests.test_resources.TestResourceRouterContract" name="test_allowed_extensions_exact" time="0.000" /><testcase classname="tests.test_resources.TestResourceRouterContract" name="test_no_html_or_exe_extension" time="0.000" /><testcase classname="tests.test_resources.TestResourceRouterContract" name="test_list_excludes_storage_path" time="0.000" /><testcase classname="tests.test_resources.TestResourceRouterContract" name="test_upload_uses_admin_dependency" time="0.000" /><testcase classname="tests.test_resources.TestResourceRouterContract" name="test_upload_streams_to_tempfile" time="0.010" /><testcase classname="tests.test_resources.TestResourceRouterContract" name="test_delete_is_soft_delete" time="0.000" /><testcase classname="tests.test_resources.TestResourceRouterContract" name="test_storage_path_uses_uuid_prefix" time="0.000" /><testcase classname="tests.test_resources.TestResourceRouterContract" name="test_storage_key_singleton" time="0.000" /><testcase classname="tests.test_resources.TestResourceRouterContract" name="test_emergent_key_is_backend_only" time="0.002" /><testcase classname="tests.test_resources.TestFrontendResources" name="test_nav_link_has_visible_contrast" time="0.000" /><testcase classname="tests.test_resources.TestResourceRouterContract" name="test_model_does_not_expose_storage_path" time="0.000" /><testcase classname="tests.test_resources.TestResourceAuthGuards" name="test_list_requires_session" time="0.217" /><testcase classname="tests.test_resources.TestResourceAuthGuards" name="test_upload_requires_admin" time="0.102" /><testcase classname="tests.test_resources.TestResourceAuthGuards" name="test_download_requires_session" time="0.114" /><testcase classname="tests.test_resources.TestResourceAuthGuards" name="test_delete_requires_admin" time="0.129" /><testcase classname="tests.test_resources.TestResourceAuthGuards" name="test_bogus_signed_cookie_still_401" time="0.111" /></testsuite></testsuites>