<?xml version="1.0" encoding="utf-8"?><testsuites name="pytest tests"><testsuite name="pytest" errors="0" failures="0" skipped="0" tests="12" time="13.159" timestamp="2026-07-25T21:14:38.159293+00:00" hostname="agent-env-71ff1f30-1a2a-4517-97a2-6a3839e9eacd"><testcase classname="tests.test_admin_overview_null_helper_fix" name="test_admin_overview_200_for_coordinateur" time="2.935" /><testcase classname="tests.test_admin_overview_null_helper_fix" name="test_admin_overview_unassigned_tickets_do_not_crash_helpers_loop" time="2.794" /><testcase classname="tests.test_admin_overview_null_helper_fix" name="test_delete_ticket_admin_endpoint_401_without_session" time="0.120" /><testcase classname="tests.test_admin_overview_null_helper_fix" name="test_delete_ticket_admin_endpoint_404_for_missing_ticket" time="0.541" /><testcase classname="tests.test_admin_overview_null_helper_fix" name="test_admin_overview_uses_null_safe_assigned_helper_access" time="0.000" /><testcase classname="tests.test_admin_overview_null_helper_fix" name="test_delete_endpoint_registered_and_admin_gated" time="1.520" /><testcase classname="tests.test_admin_overview_null_helper_fix" name="test_frontend_delete_ticket_button_admin_gated" time="0.000" /><testcase classname="tests.test_admin_overview_null_helper_fix" name="test_frontend_admin_link_always_visible_no_dark_mode" time="0.000" /><testcase classname="tests.test_admin_overview_null_helper_fix" name="test_tickets_route_still_requires_auth" time="0.129" /><testcase classname="tests.test_admin_overview_null_helper_fix" name="test_resources_route_still_requires_auth" time="0.107" /><testcase classname="tests.test_admin_overview_null_helper_fix" name="test_admin_helpers_still_requires_admin" time="3.903" /><testcase classname="tests.test_admin_overview_null_helper_fix" name="test_admin_user_has_coordinateur_role_via_bot" time="0.335" /></testsuite></testsuites>