<?xml version="1.0" encoding="utf-8"?><testsuites name="pytest tests"><testsuite name="pytest" errors="0" failures="0" skipped="0" tests="36" time="5.858" timestamp="2026-07-24T08:32:55.462161+00:00" hostname="agent-env-71ff1f30-1a2a-4517-97a2-6a3839e9eacd"><testcase classname="tests.test_admin_and_ai_summary.TestGeminiServiceContract" name="test_uses_gemini_3_5_flash_via_emergent" time="0.000" /><testcase classname="tests.test_admin_and_ai_summary.TestFrontendStaticInvariants" name="test_helper_assignment_panel_present" time="0.000" /><testcase classname="tests.test_admin_and_ai_summary.TestFrontendStaticInvariants" name="test_helper_assignment_select_admin_only" time="0.000" /><testcase classname="tests.test_admin_and_ai_summary.TestGeminiServiceContract" name="test_uses_emergent_llm_key_server_side_only" time="0.000" /><testcase classname="tests.test_admin_and_ai_summary.TestGeminiServiceContract" name="test_french_prompt_forbids_diagnostic_and_medical_reco" time="0.000" /><testcase classname="tests.test_admin_and_ai_summary.TestGeminiServiceContract" name="test_structured_output_keys" time="0.000" /><testcase classname="tests.test_admin_and_ai_summary.TestGeminiServiceContract" name="test_ai_summary_model_has_expected_fields" time="0.000" /><testcase classname="tests.test_admin_and_ai_summary.TestFrontendStaticInvariants" name="test_assign_helper_calls_admin_endpoint" time="0.000" /><testcase classname="tests.test_admin_and_ai_summary.TestGeminiServiceContract" name="test_persistence_excludes_mongo_object_id" time="0.000" /><testcase classname="tests.test_admin_and_ai_summary.TestFrontendStaticInvariants" name="test_generate_ai_summary_button_and_panel" time="0.000" /><testcase classname="tests.test_admin_and_ai_summary.TestFrontendStaticInvariants" name="test_admin_dashboard_page_exists_and_uses_overview" time="0.000" /><testcase classname="tests.test_admin_and_ai_summary.TestAdminAndAiSummaryRequireAuth" name="test_admin_overview_401_without_session" time="4.444" /><testcase classname="tests.test_admin_and_ai_summary.TestFrontendStaticInvariants" name="test_admin_panel_link_conditional_on_isadmin" time="0.000" /><testcase classname="tests.test_admin_and_ai_summary.TestFrontendStaticInvariants" name="test_app_routes_admin_and_passes_is_admin_to_workspace" time="0.000" /><testcase classname="tests.test_admin_and_ai_summary.TestAdminRbacServerSide" name="test_signed_discord_session_for_unknown_user_cannot_reach_admin" time="4.642" /><testcase classname="tests.test_admin_and_ai_summary.TestAdminAndAiSummaryRequireAuth" name="test_admin_helpers_401_without_session" time="0.113" /><testcase classname="tests.test_admin_and_ai_summary.TestAdminAndAiSummaryRequireAuth" name="test_admin_assign_ticket_401_without_session" time="0.126" /><testcase classname="tests.test_admin_and_ai_summary.TestAdminRbacServerSide" name="test_current_admin_wraps_current_helper" time="0.000" /><testcase classname="tests.test_admin_and_ai_summary.TestAdminRbacServerSide" name="test_all_admin_routes_depend_on_current_admin" time="0.000" /><testcase classname="tests.test_admin_and_ai_summary.TestAdminRbacServerSide" name="test_admin_role_id_pins_the_expected_value" time="0.000" /><testcase classname="tests.test_admin_and_ai_summary.TestHelpersListingContract" name="test_fetch_helpers_uses_guild_paginated_endpoint" time="0.000" /><testcase classname="tests.test_admin_and_ai_summary.TestHelpersListingContract" name="test_admin_helpers_route_passes_helper_role_id" time="0.000" /><testcase classname="tests.test_admin_and_ai_summary.TestHelpersListingContract" name="test_admin_helpers_response_model_is_helper_identity_list" time="0.000" /><testcase classname="tests.test_admin_and_ai_summary.TestAssignmentEndpointContract" name="test_assignment_endpoint_admin_only_and_rejects_unknown_helper" time="0.000" /><testcase classname="tests.test_admin_and_ai_summary.TestAssignmentEndpointContract" name="test_assignment_input_model_pattern_locks_snowflake" time="0.000" /><testcase classname="tests.test_admin_and_ai_summary.TestAssignmentEndpointContract" name="test_ticket_router_never_exposes_admin_assignment" time="0.000" /><testcase classname="tests.test_admin_and_ai_summary.TestAiSummarySSEContract" name="test_ai_summary_uses_streaming_response_with_sse_headers" time="0.000" /><testcase classname="tests.test_admin_and_ai_summary.TestAiSummarySSEContract" name="test_ai_summary_endpoint_requires_helper_session" time="0.000" /><testcase classname="tests.test_admin_and_ai_summary.TestAiSummarySSEContract" name="test_stream_generator_yields_progress_and_complete" time="0.000" /><testcase classname="tests.test_admin_and_ai_summary.TestDemoModeStillGone" name="test_no_demo_login_button" time="0.000" /><testcase classname="tests.test_admin_and_ai_summary.TestDemoModeStillGone" name="test_no_demo_backend_endpoints" time="0.226" /><testcase classname="tests.test_admin_and_ai_summary.TestAdminAndAiSummaryRequireAuth" name="test_ai_summary_stream_401_without_session" time="0.113" /><testcase classname="tests.test_admin_and_ai_summary.TestAdminAndAiSummaryRequireAuth" name="test_admin_endpoints_reject_forged_random_cookie" time="0.468" /><testcase classname="tests.test_admin_and_ai_summary.TestDemoModeStillGone" name="test_auth_service_still_rejects_non_discord_mode" time="0.000" /><testcase classname="tests.test_admin_and_ai_summary.TestSessionExposesIsAdmin" name="test_session_body_has_is_admin_false_when_unauthenticated" time="0.106" /><testcase classname="tests.test_admin_and_ai_summary.TestSessionExposesIsAdmin" name="test_auth_session_model_has_is_admin" time="0.000" /></testsuite></testsuites>