<?xml version="1.0" encoding="utf-8"?><testsuites name="pytest tests"><testsuite name="pytest" errors="0" failures="0" skipped="0" tests="46" time="2.140" timestamp="2026-07-24T07:26:42.852616+00:00" hostname="agent-env-71ff1f30-1a2a-4517-97a2-6a3839e9eacd"><testcase classname="tests.test_iris_api.TestAuthGuards" name="test_members_requires_auth" time="0.135" /><testcase classname="tests.test_iris_api.TestStaticInvariants" name="test_discord_service_member_lookup_scoped_to_guild" time="0.000" /><testcase classname="tests.test_iris_api.TestStaticInvariants" name="test_discord_service_member_has_role_uses_guild_scope" time="0.000" /><testcase classname="tests.test_iris_api.TestStaticInvariants" name="test_discord_service_validates_channel_guild_and_type" time="0.000" /><testcase classname="tests.test_iris_api.TestStaticInvariants" name="test_discord_history_uses_limit_100_and_before_pagination" time="0.000" /><testcase classname="tests.test_iris_api.TestStaticInvariants" name="test_discord_service_uses_bot_auth_header" time="0.000" /><testcase classname="tests.test_iris_api.TestStaticInvariants" name="test_auth_service_enforces_guild_and_helper_role" time="0.000" /><testcase classname="tests.test_iris_api.TestStaticInvariants" name="test_tickets_router_excludes_mongo_object_id" time="0.000" /><testcase classname="tests.test_iris_api.TestStaticInvariants" name="test_create_ticket_uses_current_helper_dependency" time="0.000" /><testcase classname="tests.test_iris_api.TestStaticInvariants" name="test_env_pins_guild_and_role" time="0.000" /><testcase classname="tests.test_iris_api.TestStaticInvariants" name="test_env_has_oauth_and_bot_configured" time="0.001" /><testcase classname="tests.test_demo_removed.TestStaticNoDemoRoutes" name="test_auth_router_has_no_demo_session" time="0.000" /><testcase classname="tests.test_demo_removed.TestStaticNoDemoRoutes" name="test_tickets_router_has_no_demo_endpoint" time="0.000" /><testcase classname="tests.test_demo_removed.TestStaticNoDemoRoutes" name="test_auth_service_rejects_non_discord_mode" time="0.000" /><testcase classname="tests.test_demo_removed.TestStaticNoDemoRoutes" name="test_login_page_has_no_demo_button" time="0.000" /><testcase classname="tests.test_demo_removed.TestStaticNoDemoRoutes" name="test_app_shell_has_no_notifications_or_settings_buttons" time="0.000" /><testcase classname="tests.test_demo_removed.TestStaticNoDemoRoutes" name="test_dashboard_has_real_import_button" time="0.000" /><testcase classname="tests.test_demo_removed.TestStaticNoDemoRoutes" name="test_new_ticket_form_posts_member_and_channel" time="0.000" /><testcase classname="tests.test_iris_api.TestAuth" name="test_session_unauthenticated_without_cookie" time="0.138" /><testcase classname="tests.test_iris_api.TestAuthGuards" name="test_list_tickets_requires_auth" time="0.096" /><testcase classname="tests.test_iris_api.TestAuth" name="test_discord_login_returns_302_to_discord_authorize" time="0.097" /><testcase classname="tests.test_iris_api.TestAuthGuards" name="test_tickets_stats_requires_auth" time="0.100" /><testcase classname="tests.test_iris_api.TestAuth" name="test_discord_login_response_does_not_leak_secrets" time="0.106" /><testcase classname="tests.test_iris_api.TestAuthGuards" name="test_create_ticket_requires_auth" time="0.103" /><testcase classname="tests.test_iris_api.TestAuth" name="test_discord_callback_rejects_state_mismatch" time="0.097" /><testcase classname="tests.test_iris_api.TestAuthGuards" name="test_get_ticket_requires_auth" time="0.176" /><testcase classname="tests.test_iris_api.TestAuth" name="test_logout_returns_unauthenticated_body" time="0.101" /><testcase classname="tests.test_demo_removed.TestDemoEndpointsRemoved" name="test_post_demo_session_returns_404" time="0.131" /><testcase classname="tests.test_iris_api.TestAuthGuards" name="test_patch_ticket_requires_auth" time="0.260" /><testcase classname="tests.test_demo_removed.TestDemoEndpointsRemoved" name="test_get_demo_session_returns_404_or_405" time="0.091" /><testcase classname="tests.test_demo_removed.TestDemoEndpointsRemoved" name="test_post_tickets_demo_returns_404_or_405" time="0.098" /><testcase classname="tests.test_iris_api.TestAuthGuards" name="test_sync_ticket_requires_auth" time="0.093" /><testcase classname="tests.test_demo_removed.TestDemoEndpointsRemoved" name="test_get_tickets_demo_returns_404_or_401_or_405" time="0.096" /><testcase classname="tests.test_iris_api.TestAuthGuards" name="test_forged_cookie_still_rejected" time="0.092" /><testcase classname="tests.test_demo_removed.TestTicketsRequireAuth" name="test_list_tickets_401" time="0.099" /><testcase classname="tests.test_iris_api.TestFrontendStaticInvariants" name="test_new_ticket_form_posts_member_and_channel_ids" time="0.000" /><testcase classname="tests.test_iris_api.TestFrontendStaticInvariants" name="test_dashboard_renders_import_button_when_not_demo" time="0.000" /><testcase classname="tests.test_iris_api.TestFrontendStaticInvariants" name="test_new_ticket_page_switches_wording_when_not_demo" time="0.000" /><testcase classname="tests.test_demo_removed.TestDemoSessionModeRejected" name="test_signed_demo_mode_session_is_rejected_by_tickets" time="0.247" /><testcase classname="tests.test_demo_removed.TestTicketsRequireAuth" name="test_stats_401" time="0.099" /><testcase classname="tests.test_demo_removed.TestTicketsRequireAuth" name="test_create_ticket_401" time="0.088" /><testcase classname="tests.test_demo_removed.TestTicketsRequireAuth" name="test_forged_random_session_cookie_rejected" time="0.095" /><testcase classname="tests.test_demo_removed.TestDemoSessionModeRejected" name="test_signed_discord_mode_session_is_accepted_by_session_endpoint" time="0.093" /><testcase classname="tests.test_demo_removed.TestSessionEndpoint" name="test_session_without_cookie_is_unauthenticated" time="0.095" /><testcase classname="tests.test_demo_removed.TestDiscordLoginLive" name="test_discord_login_returns_302_to_discord" time="0.095" /><testcase classname="tests.test_iris_api.TestHealth" name="test_root_ok" time="0.092" /></testsuite></testsuites>