<?xml version="1.0" encoding="utf-8"?><testsuites name="pytest tests"><testsuite name="pytest" errors="0" failures="0" skipped="0" tests="32" time="2.257" timestamp="2026-07-24T06:01:35.443944+00:00" hostname="agent-env-71ff1f30-1a2a-4517-97a2-6a3839e9eacd"><testcase classname="tests.test_iris_api.TestStaticInvariants" name="test_discord_service_scopes_member_lookup_to_guild" time="0.000" /><testcase classname="tests.test_iris_api.TestAuthGuards" name="test_members_requires_auth" time="0.214" /><testcase classname="tests.test_iris_api.TestStaticInvariants" name="test_discord_service_validates_channel_guild" time="0.000" /><testcase classname="tests.test_iris_api.TestStaticInvariants" name="test_discord_history_uses_limit_100_and_before_pagination" time="0.000" /><testcase classname="tests.test_iris_api.TestStaticInvariants" name="test_tickets_router_excludes_mongo_object_id" time="0.000" /><testcase classname="tests.test_iris_api.TestStaticInvariants" name="test_guild_id_matches_expected_server" time="0.000" /><testcase classname="tests.test_iris_api.TestStaticInvariants" name="test_bot_token_not_present_in_env" time="0.000" /><testcase classname="tests.test_demo_mode.TestDemoTickets" name="test_stats_are_2_1_10" time="0.211" /><testcase classname="tests.test_iris_api.TestAuthGuards" name="test_list_tickets_requires_auth" time="0.123" /><testcase classname="tests.test_demo_mode.TestDemoTickets" name="test_three_demo_tickets_present" time="0.050" /><testcase classname="tests.test_demo_mode.TestDemoTickets" name="test_ticket_detail_TKT_0891_has_full_content" time="0.050" /><testcase classname="tests.test_demo_mode.TestDemoTickets" name="test_all_three_demo_tickets_return_detail" time="0.149" /><testcase classname="tests.test_iris_api.TestAuthGuards" name="test_tickets_stats_requires_auth" time="0.153" /><testcase classname="tests.test_demo_mode.TestDemoTickets" name="test_response_never_leaks_mongo_id" time="0.047" /><testcase classname="tests.test_iris_api.TestAuthGuards" name="test_create_ticket_requires_auth" time="0.139" /><testcase classname="tests.test_demo_mode.TestDemoPersistence" name="test_patch_notes_and_vocal_persist" time="0.100" /><testcase classname="tests.test_demo_mode.TestDemoPersistence" name="test_sync_demo_ticket_does_not_hit_discord" time="0.097" /><testcase classname="tests.test_iris_api.TestAuthGuards" name="test_get_ticket_requires_auth" time="0.115" /><testcase classname="tests.test_demo_mode.TestDemoPersistence" name="test_archive_and_reactivate_demo_ticket" time="0.098" /><testcase classname="tests.test_iris_api.TestAuthGuards" name="test_patch_ticket_requires_auth" time="0.146" /><testcase classname="tests.test_iris_api.TestAuth" name="test_session_unauthenticated_without_cookie" time="0.118" /><testcase classname="tests.test_iris_api.TestAuthGuards" name="test_sync_ticket_requires_auth" time="0.107" /><testcase classname="tests.test_iris_api.TestAuth" name="test_discord_login_returns_503_when_oauth_not_configured" time="0.122" /><testcase classname="tests.test_iris_api.TestAuthGuards" name="test_forged_cookie_still_rejected" time="0.103" /><testcase classname="tests.test_iris_api.TestAuth" name="test_logout_returns_unauthenticated_body" time="0.103" /><testcase classname="tests.test_demo_mode.TestDemoSession" name="test_demo_session_sets_cookie" time="0.147" /><testcase classname="tests.test_demo_mode.TestDemoSession" name="test_logout_clears_session" time="0.206" /><testcase classname="tests.test_demo_mode.TestDemoIsolation" name="test_create_ticket_denied_for_demo_helper" time="0.152" /><testcase classname="tests.test_demo_mode.TestDemoIsolation" name="test_no_real_tickets_appear_in_demo_scope" time="0.048" /><testcase classname="tests.test_iris_api.TestHealth" name="test_root_ok" time="0.095" /><testcase classname="tests.test_demo_mode.TestUnauthenticatedStillBlocked" name="test_tickets_stats_401_without_cookie" time="0.108" /><testcase classname="tests.test_demo_mode.TestUnauthenticatedStillBlocked" name="test_ticket_detail_401_without_cookie" time="0.096" /></testsuite></testsuites>